[debug] [2023-01-11T14:35:25.162Z] ----------------------------------------------------------------------
[debug] [2023-01-11T14:35:25.166Z] Command:       C:\Program Files\nodejs\node.exe C:\Users\ville\AppData\Roaming\npm\node_modules\firebase-tools\lib\bin\firebase.js init
[debug] [2023-01-11T14:35:25.167Z] CLI Version:   11.19.0
[debug] [2023-01-11T14:35:25.167Z] Platform:      win32
[debug] [2023-01-11T14:35:25.167Z] Node Version:  v18.12.0
[debug] [2023-01-11T14:35:25.169Z] Time:          Wed Jan 11 2023 11:35:25 GMT-0300 (hora estándar de Argentina)
[debug] [2023-01-11T14:35:25.169Z] ----------------------------------------------------------------------
[debug] 
[debug] [2023-01-11T14:35:25.302Z] > command requires scopes: ["email","openid","https://www.googleapis.com/auth/cloudplatformprojects.readonly","https://www.googleapis.com/auth/firebase","https://www.googleapis.com/auth/cloud-platform"]
[debug] [2023-01-11T14:35:25.303Z] > authorizing via signed-in user (villegasgustavoopel@gmail.com)
[info] 
     ######## #### ########  ######## ########     ###     ######  ########
     ##        ##  ##     ## ##       ##     ##  ##   ##  ##       ##
     ######    ##  ########  ######   ########  #########  ######  ######
     ##        ##  ##    ##  ##       ##     ## ##     ##       ## ##
     ##       #### ##     ## ######## ########  ##     ##  ######  ########

You're about to initialize a Firebase project in this directory:

  C:\Users\ville\OneDrive\Documentos\Gustavo Villegas\todo lo de desarrollo\Portafoliofrontend2

Before we get started, keep in mind:

  * You are initializing within an existing Firebase project directory

[info] 
=== Project Setup
[info] 
[info] First, let's associate this project directory with a Firebase project.
[info] You can create multiple project aliases by running firebase use --add, 
[info] but for now we'll just set up a default project.
[info] 
[debug] [2023-01-11T14:35:35.438Z] Using project from CLI flag: gustavo-villegas
[debug] [2023-01-11T14:35:35.448Z] >>> [apiv2][query] GET https://firebase.googleapis.com/v1beta1/projects/gustavo-villegas [none]
[debug] [2023-01-11T14:35:36.028Z] <<< [apiv2][status] GET https://firebase.googleapis.com/v1beta1/projects/gustavo-villegas 200
[debug] [2023-01-11T14:35:36.029Z] <<< [apiv2][body] GET https://firebase.googleapis.com/v1beta1/projects/gustavo-villegas {"projectId":"gustavo-villegas","projectNumber":"417213239140","displayName":"Gustavo-Villegas","name":"projects/gustavo-villegas","resources":{"hostingSite":"gustavo-villegas"},"state":"ACTIVE","etag":"1_71976ddd-1e42-4fda-959a-e9fda2c7657c"}
[info] i  Using project gustavo-villegas (Gustavo-Villegas) 
[info] 
=== Hosting Setup
[info] 
[info] Your public directory is the folder (relative to your project directory) that
[info] will contain Hosting assets to be uploaded with firebase deploy. If you
[info] have a build process for your assets, use your build's output directory.
[info] 
[debug] [2023-01-11T14:35:54.116Z] >>> [apiv2][query] GET https://www.gstatic.com/firebasejs/releases.json [none]
[debug] [2023-01-11T14:35:54.207Z] <<< [apiv2][status] GET https://www.gstatic.com/firebasejs/releases.json 200
[debug] [2023-01-11T14:35:54.207Z] <<< [apiv2][body] GET https://www.gstatic.com/firebasejs/releases.json {"current":{"version":"9.15.0","browserURL":"https://www.gstatic.com/firebasejs/9.15.0/firebase.js","packageURL":"https://www.gstatic.com/firebasejs/9.15.0/firebase.tgz"},"live":{"version":"9.15","browserURL":"https://www.gstatic.com/firebasejs/live/9.15/firebase.js","packageURL":"https://www.gstatic.com/firebasejs/live/9.15/firebase.tgz"},"components":{"analytics":"https://www.gstatic.com/firebasejs/9.15.0/firebase-analytics.js","app":"https://www.gstatic.com/firebasejs/9.15.0/firebase-app.js","app-check":"https://www.gstatic.com/firebasejs/9.15.0/firebase-app-check.js","auth":"https://www.gstatic.com/firebasejs/9.15.0/firebase-auth.js","auth/cordova":"https://www.gstatic.com/firebasejs/9.15.0/firebase-auth/cordova.js","auth/react-native":"https://www.gstatic.com/firebasejs/9.15.0/firebase-auth/react-native.js","functions":"https://www.gstatic.com/firebasejs/9.15.0/firebase-functions.js","firestore":"https://www.gstatic.com/firebasejs/9.15.0/firebase-firestore.js","firestore/lite":"https://www.gstatic.com/firebasejs/9.15.0/firebase-firestore/lite.js","installations":"https://www.gstatic.com/firebasejs/9.15.0/firebase-installations.js","storage":"https://www.gstatic.com/firebasejs/9.15.0/firebase-storage.js","performance":"https://www.gstatic.com/firebasejs/9.15.0/firebase-performance.js","remote-config":"https://www.gstatic.com/firebasejs/9.15.0/firebase-remote-config.js","messaging":"https://www.gstatic.com/firebasejs/9.15.0/firebase-messaging.js","messaging/sw":"https://www.gstatic.com/firebasejs/9.15.0/firebase-messaging/sw.js","database":"https://www.gstatic.com/firebasejs/9.15.0/firebase-database.js","firestore.memory":"https://www.gstatic.com/firebasejs/9.15.0/firebase-firestore.memory.js"}}
[info] +  Wrote public/index.html 
[info] 
[info] i  Detected a .git folder at C:\Users\ville\OneDrive\Documentos\Gustavo Villegas\todo lo de desarrollo\Portafoliofrontend2 
[info] i  Authorizing with GitHub to upload your service account to a GitHub repository's secrets store. 
[info] 
[info] Visit this URL on this device to log in:
[info] https://github.com/login/oauth/authorize?client_id=89cf50f02ac6aaed3484&state=432889199&redirect_uri=http%3A%2F%2Flocalhost%3A9005&scope=read%3Auser%20repo%20public_repo
[info] 
[info] Waiting for authentication...
[debug] [2023-01-11T14:36:04.481Z] >>> [apiv2][query] POST https://github.com/login/oauth/access_token [none]
[debug] [2023-01-11T14:36:04.482Z] >>> [apiv2][body] POST https://github.com/login/oauth/access_token [stream]
[debug] [2023-01-11T14:36:04.883Z] <<< [apiv2][status] POST https://github.com/login/oauth/access_token 200
[debug] [2023-01-11T14:36:04.884Z] <<< [apiv2][body] POST https://github.com/login/oauth/access_token {"access_token":"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","token_type":"bearer","scope":"read:user,repo"}
[debug] [2023-01-11T14:36:04.956Z] >>> [apiv2][query] GET https://api.github.com/user [none]
[debug] [2023-01-11T14:36:05.410Z] <<< [apiv2][status] GET https://api.github.com/user 200
[debug] [2023-01-11T14:36:05.411Z] <<< [apiv2][body] GET https://api.github.com/user {"login":"opel777","id":79817045,"node_id":"MDQ6VXNlcjc5ODE3MDQ1","avatar_url":"https://avatars.githubusercontent.com/u/79817045?v=4","gravatar_id":"","url":"https://api.github.com/users/opel777","html_url":"https://github.com/opel777","followers_url":"https://api.github.com/users/opel777/followers","following_url":"https://api.github.com/users/opel777/following{/other_user}","gists_url":"https://api.github.com/users/opel777/gists{/gist_id}","starred_url":"https://api.github.com/users/opel777/starred{/owner}{/repo}","subscriptions_url":"https://api.github.com/users/opel777/subscriptions","organizations_url":"https://api.github.com/users/opel777/orgs","repos_url":"https://api.github.com/users/opel777/repos","events_url":"https://api.github.com/users/opel777/events{/privacy}","received_events_url":"https://api.github.com/users/opel777/received_events","type":"User","site_admin":false,"name":"Gustavo Villegas","company":null,"blog":"","location":"Actualmente viviendo en Buenos Aires ","email":null,"hireable":null,"bio":"Me gusta aprender cada dia, resolver problemas de una u otra forma, soy apasionado con lo que hago me gusta profundizar e ir mas alla y enseñar lo aprendido. ","twitter_username":null,"public_repos":16,"public_gists":0,"followers":1,"following":0,"created_at":"2021-03-01T01:16:32Z","updated_at":"2023-01-11T13:31:48Z","private_gists":0,"total_private_repos":1,"owned_private_repos":1,"disk_usage":115216,"collaborators":0,"two_factor_authentication":false,"plan":{"name":"free","space":976562499,"collaborators":0,"private_repos":10000}}
[info] 
[info] +  Success! Logged into GitHub as opel777 
[info] 
[debug] [2023-01-11T14:37:47.053Z] >>> [apiv2][query] GET https://api.github.com/repos/cls/actions/secrets/public-key type=owner
[debug] [2023-01-11T14:37:47.387Z] <<< [apiv2][status] GET https://api.github.com/repos/cls/actions/secrets/public-key 404
[debug] [2023-01-11T14:37:47.387Z] <<< [apiv2][body] GET https://api.github.com/repos/cls/actions/secrets/public-key {"message":"Not Found","documentation_url":"https://docs.github.com/rest"}
