[debug] [2023-01-11T13:28:07.760Z] ----------------------------------------------------------------------
[debug] [2023-01-11T13:28:07.764Z] Command:       C:\Program Files\nodejs\node.exe C:\Users\ville\AppData\Roaming\npm\node_modules\firebase-tools\lib\bin\firebase.js init
[debug] [2023-01-11T13:28:07.765Z] CLI Version:   11.19.0
[debug] [2023-01-11T13:28:07.765Z] Platform:      win32
[debug] [2023-01-11T13:28:07.765Z] Node Version:  v18.12.0
[debug] [2023-01-11T13:28:07.768Z] Time:          Wed Jan 11 2023 10:28:07 GMT-0300 (hora estándar de Argentina)
[debug] [2023-01-11T13:28:07.769Z] ----------------------------------------------------------------------
[debug] 
[debug] [2023-01-11T13:28:07.785Z] > command requires scopes: ["email","openid","https://www.googleapis.com/auth/cloudplatformprojects.readonly","https://www.googleapis.com/auth/firebase","https://www.googleapis.com/auth/cloud-platform"]
[debug] [2023-01-11T13:28:07.787Z] > authorizing via signed-in user (villegasgustavoopel@gmail.com)
[info] 
     ######## #### ########  ######## ########     ###     ######  ########
     ##        ##  ##     ## ##       ##     ##  ##   ##  ##       ##
     ######    ##  ########  ######   ########  #########  ######  ######
     ##        ##  ##    ##  ##       ##     ## ##     ##       ## ##
     ##       #### ##     ## ######## ########  ##     ##  ######  ########

You're about to initialize a Firebase project in this directory:

  C:\Users\ville\OneDrive\Documentos\Gustavo Villegas\todo lo de desarrollo\Portafoliofrontend2

[info] 
=== Project Setup
[info] 
[info] First, let's associate this project directory with a Firebase project.
[info] You can create multiple project aliases by running firebase use --add, 
[info] but for now we'll just set up a default project.
[info] 
[debug] [2023-01-11T13:29:05.369Z] >>> [apiv2][query] GET https://firebase.googleapis.com/v1beta1/projects pageSize=100
[debug] [2023-01-11T13:29:06.150Z] <<< [apiv2][status] GET https://firebase.googleapis.com/v1beta1/projects 200
[debug] [2023-01-11T13:29:06.151Z] <<< [apiv2][body] GET https://firebase.googleapis.com/v1beta1/projects [omitted]
[info] i  Using project gustavo-villegas (Gustavo-Villegas) 
[info] 
=== Hosting Setup
[info] 
[info] Your public directory is the folder (relative to your project directory) that
[info] will contain Hosting assets to be uploaded with firebase deploy. If you
[info] have a build process for your assets, use your build's output directory.
[info] 
[debug] [2023-01-11T13:31:09.293Z] >>> [apiv2][query] GET https://www.gstatic.com/firebasejs/releases.json [none]
[debug] [2023-01-11T13:31:09.421Z] <<< [apiv2][status] GET https://www.gstatic.com/firebasejs/releases.json 200
[debug] [2023-01-11T13:31:09.422Z] <<< [apiv2][body] GET https://www.gstatic.com/firebasejs/releases.json {"current":{"version":"9.15.0","browserURL":"https://www.gstatic.com/firebasejs/9.15.0/firebase.js","packageURL":"https://www.gstatic.com/firebasejs/9.15.0/firebase.tgz"},"live":{"version":"9.15","browserURL":"https://www.gstatic.com/firebasejs/live/9.15/firebase.js","packageURL":"https://www.gstatic.com/firebasejs/live/9.15/firebase.tgz"},"components":{"analytics":"https://www.gstatic.com/firebasejs/9.15.0/firebase-analytics.js","app":"https://www.gstatic.com/firebasejs/9.15.0/firebase-app.js","app-check":"https://www.gstatic.com/firebasejs/9.15.0/firebase-app-check.js","auth":"https://www.gstatic.com/firebasejs/9.15.0/firebase-auth.js","auth/cordova":"https://www.gstatic.com/firebasejs/9.15.0/firebase-auth/cordova.js","auth/react-native":"https://www.gstatic.com/firebasejs/9.15.0/firebase-auth/react-native.js","functions":"https://www.gstatic.com/firebasejs/9.15.0/firebase-functions.js","firestore":"https://www.gstatic.com/firebasejs/9.15.0/firebase-firestore.js","firestore/lite":"https://www.gstatic.com/firebasejs/9.15.0/firebase-firestore/lite.js","installations":"https://www.gstatic.com/firebasejs/9.15.0/firebase-installations.js","storage":"https://www.gstatic.com/firebasejs/9.15.0/firebase-storage.js","performance":"https://www.gstatic.com/firebasejs/9.15.0/firebase-performance.js","remote-config":"https://www.gstatic.com/firebasejs/9.15.0/firebase-remote-config.js","messaging":"https://www.gstatic.com/firebasejs/9.15.0/firebase-messaging.js","messaging/sw":"https://www.gstatic.com/firebasejs/9.15.0/firebase-messaging/sw.js","database":"https://www.gstatic.com/firebasejs/9.15.0/firebase-database.js","firestore.memory":"https://www.gstatic.com/firebasejs/9.15.0/firebase-firestore.memory.js"}}
[info] +  Wrote dist/gustavo-villegas/index.html 
[info] 
[info] i  Detected a .git folder at C:\Users\ville\OneDrive\Documentos\Gustavo Villegas\todo lo de desarrollo\Portafoliofrontend2 
[info] i  Authorizing with GitHub to upload your service account to a GitHub repository's secrets store. 
[info] 
[info] Visit this URL on this device to log in:
[info] https://github.com/login/oauth/authorize?client_id=89cf50f02ac6aaed3484&state=385060600&redirect_uri=http%3A%2F%2Flocalhost%3A9005&scope=read%3Auser%20repo%20public_repo
[info] 
[info] Waiting for authentication...
[debug] [2023-01-11T13:31:55.161Z] >>> [apiv2][query] POST https://github.com/login/oauth/access_token [none]
[debug] [2023-01-11T13:31:55.162Z] >>> [apiv2][body] POST https://github.com/login/oauth/access_token [stream]
[debug] [2023-01-11T13:31:55.598Z] <<< [apiv2][status] POST https://github.com/login/oauth/access_token 200
[debug] [2023-01-11T13:31:55.599Z] <<< [apiv2][body] POST https://github.com/login/oauth/access_token {"access_token":"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","token_type":"bearer","scope":"read:user,repo"}
[debug] [2023-01-11T13:31:55.630Z] >>> [apiv2][query] GET https://api.github.com/user [none]
[debug] [2023-01-11T13:31:56.720Z] <<< [apiv2][status] GET https://api.github.com/user 200
[debug] [2023-01-11T13:31:56.720Z] <<< [apiv2][body] GET https://api.github.com/user {"login":"opel777","id":79817045,"node_id":"MDQ6VXNlcjc5ODE3MDQ1","avatar_url":"https://avatars.githubusercontent.com/u/79817045?v=4","gravatar_id":"","url":"https://api.github.com/users/opel777","html_url":"https://github.com/opel777","followers_url":"https://api.github.com/users/opel777/followers","following_url":"https://api.github.com/users/opel777/following{/other_user}","gists_url":"https://api.github.com/users/opel777/gists{/gist_id}","starred_url":"https://api.github.com/users/opel777/starred{/owner}{/repo}","subscriptions_url":"https://api.github.com/users/opel777/subscriptions","organizations_url":"https://api.github.com/users/opel777/orgs","repos_url":"https://api.github.com/users/opel777/repos","events_url":"https://api.github.com/users/opel777/events{/privacy}","received_events_url":"https://api.github.com/users/opel777/received_events","type":"User","site_admin":false,"name":"Gustavo Villegas","company":null,"blog":"","location":"Actualmente viviendo en Buenos Aires ","email":null,"hireable":null,"bio":"Me gusta aprender cada dia, resolver problemas de una u otra forma, soy apasionado con lo que hago me gusta profundizar e ir mas alla y enseñar lo aprendido. ","twitter_username":null,"public_repos":16,"public_gists":0,"followers":1,"following":0,"created_at":"2021-03-01T01:16:32Z","updated_at":"2023-01-11T13:31:48Z","private_gists":0,"total_private_repos":1,"owned_private_repos":1,"disk_usage":115216,"collaborators":0,"two_factor_authentication":false,"plan":{"name":"free","space":976562499,"collaborators":0,"private_repos":10000}}
[info] 
[info] +  Success! Logged into GitHub as opel777 
[info] 
[debug] [2023-01-11T13:35:58.084Z] >>> [apiv2][query] GET https://api.github.com/repos/firebase deploy/actions/secrets/public-key type=owner
[debug] [2023-01-11T13:35:58.526Z] <<< [apiv2][status] GET https://api.github.com/repos/firebase deploy/actions/secrets/public-key 404
[debug] [2023-01-11T13:35:58.526Z] <<< [apiv2][body] GET https://api.github.com/repos/firebase deploy/actions/secrets/public-key {"message":"Not Found","documentation_url":"https://docs.github.com/rest"}
[debug] [2023-01-11T13:36:02.619Z] >>> [apiv2][query] GET https://api.github.com/repos/firebase deploy/actions/secrets/public-key type=owner
[debug] [2023-01-11T13:36:03.008Z] <<< [apiv2][status] GET https://api.github.com/repos/firebase deploy/actions/secrets/public-key 404
[debug] [2023-01-11T13:36:03.009Z] <<< [apiv2][body] GET https://api.github.com/repos/firebase deploy/actions/secrets/public-key {"message":"Not Found","documentation_url":"https://docs.github.com/rest"}
[debug] [2023-01-11T13:36:42.739Z] >>> [apiv2][query] GET https://api.github.com/repos/firebase deploy/actions/secrets/public-key type=owner
[debug] [2023-01-11T13:36:43.069Z] <<< [apiv2][status] GET https://api.github.com/repos/firebase deploy/actions/secrets/public-key 404
[debug] [2023-01-11T13:36:43.069Z] <<< [apiv2][body] GET https://api.github.com/repos/firebase deploy/actions/secrets/public-key {"message":"Not Found","documentation_url":"https://docs.github.com/rest"}
[debug] [2023-01-11T13:37:12.246Z] >>> [apiv2][query] GET https://api.github.com/repos/firebase deploy/actions/secrets/public-key type=owner
[debug] [2023-01-11T13:37:12.601Z] <<< [apiv2][status] GET https://api.github.com/repos/firebase deploy/actions/secrets/public-key 404
[debug] [2023-01-11T13:37:12.602Z] <<< [apiv2][body] GET https://api.github.com/repos/firebase deploy/actions/secrets/public-key {"message":"Not Found","documentation_url":"https://docs.github.com/rest"}
[debug] [2023-01-11T13:37:35.557Z] >>> [apiv2][query] GET https://api.github.com/repos/firebase deploy /actions/secrets/public-key type=owner
[debug] [2023-01-11T13:37:35.886Z] <<< [apiv2][status] GET https://api.github.com/repos/firebase deploy /actions/secrets/public-key 404
[debug] [2023-01-11T13:37:35.886Z] <<< [apiv2][body] GET https://api.github.com/repos/firebase deploy /actions/secrets/public-key {"message":"Not Found","documentation_url":"https://docs.github.com/rest"}
[debug] [2023-01-11T13:37:36.491Z] >>> [apiv2][query] GET https://api.github.com/repos/firebase deploy /actions/secrets/public-key type=owner
[debug] [2023-01-11T13:37:36.814Z] <<< [apiv2][status] GET https://api.github.com/repos/firebase deploy /actions/secrets/public-key 404
[debug] [2023-01-11T13:37:36.814Z] <<< [apiv2][body] GET https://api.github.com/repos/firebase deploy /actions/secrets/public-key {"message":"Not Found","documentation_url":"https://docs.github.com/rest"}
[debug] [2023-01-11T13:37:46.252Z] >>> [apiv2][query] GET https://api.github.com/repos/}firebase deploy /actions/secrets/public-key type=owner
[debug] [2023-01-11T13:37:46.590Z] <<< [apiv2][status] GET https://api.github.com/repos/}firebase deploy /actions/secrets/public-key 404
[debug] [2023-01-11T13:37:46.591Z] <<< [apiv2][body] GET https://api.github.com/repos/}firebase deploy /actions/secrets/public-key {"message":"Not Found","documentation_url":"https://docs.github.com/rest"}
[debug] [2023-01-11T13:38:03.355Z] >>> [apiv2][query] GET https://api.github.com/repos/firebase deploy/actions/secrets/public-key type=owner
[debug] [2023-01-11T13:38:03.703Z] <<< [apiv2][status] GET https://api.github.com/repos/firebase deploy/actions/secrets/public-key 404
[debug] [2023-01-11T13:38:03.704Z] <<< [apiv2][body] GET https://api.github.com/repos/firebase deploy/actions/secrets/public-key {"message":"Not Found","documentation_url":"https://docs.github.com/rest"}
